This is pdfTeX, Version 3.141592653-2.6-1.40.24 (MiKTeX 22.3) (preloaded format=pdflatex 2022.4.1)  3 APR 2022 17:26
entering extended mode
 restricted \write18 enabled.
 %&-line parsing enabled.
**./Project1.tex
(Project1.tex
LaTeX2e <2021-11-15> patch level 1
L3 programming layer <2022-02-24>
(C:\Users\PC\AppData\Local\Programs\MiKTeX\tex/latex/base\report.cls
Document Class: report 2021/10/04 v1.4n Standard LaTeX document class
(C:\Users\PC\AppData\Local\Programs\MiKTeX\tex/latex/base\size11.clo
File: size11.clo 2021/10/04 v1.4n Standard LaTeX file (size option)
)
\c@part=\count185
\c@chapter=\count186
\c@section=\count187
\c@subsection=\count188
\c@subsubsection=\count189
\c@paragraph=\count190
\c@subparagraph=\count191
\c@figure=\count192
\c@table=\count193
\abovecaptionskip=\skip47
\belowcaptionskip=\skip48
\bibindent=\dimen138
)
(C:\Users\PC\AppData\Local\Programs\MiKTeX\tex/latex/blindtext\blindtext.sty
Package: blindtext 2012/01/06 V2.0 blindtext-Package

(C:\Users\PC\AppData\Local\Programs\MiKTeX\tex/latex/tools\xspace.sty
Package: xspace 2014/10/28 v1.13 Space after command names (DPC,MH)
)
\c@blindtext=\count194
\c@Blindtext=\count195
\c@blind@countparstart=\count196
\blind@countxx=\count197
\blindtext@numBlindtext=\count198
\blind@countyy=\count199
\c@blindlist=\count266
\c@blindlistlevel=\count267
\c@blindlist@level=\count268
\blind@listitem=\count269
\c@blind@listcount=\count270
\c@blind@levelcount=\count271
\blind@mathformula=\count272
\blind@Mathformula=\count273
\c@blind@randomcount=\count274
\c@blind@randommax=\count275
\c@blind@pangramcount=\count276
\c@blind@pangrammax=\count277
)
(C:\Users\PC\AppData\Local\Programs\MiKTeX\tex/latex/base\fontenc.sty
Package: fontenc 2021/04/29 v2.0v Standard LaTeX package
)
(C:\Users\PC\AppData\Local\Programs\MiKTeX\tex/latex/base\inputenc.sty
Package: inputenc 2021/02/14 v1.3d Input encoding file
\inpenc@prehook=\toks16
\inpenc@posthook=\toks17
)
(C:\Users\PC\AppData\Local\Programs\MiKTeX\tex/latex/titlesec\titlesec.sty
Package: titlesec 2021/07/05 v2.14 Sectioning titles
\ttl@box=\box50
\beforetitleunit=\skip49
\aftertitleunit=\skip50
\ttl@plus=\dimen139
\ttl@minus=\dimen140
\ttl@toksa=\toks18
\titlewidth=\dimen141
\titlewidthlast=\dimen142
\titlewidthfirst=\dimen143
)
(C:\Users\PC\AppData\Local\Programs\MiKTeX\tex/latex/fancyhdr\fancyhdr.sty
Package: fancyhdr 2021/01/28 v4.0.1 Extensive control of page headers and foote
rs
\f@nch@headwidth=\skip51
\f@nch@O@elh=\skip52
\f@nch@O@erh=\skip53
\f@nch@O@olh=\skip54
\f@nch@O@orh=\skip55
\f@nch@O@elf=\skip56
\f@nch@O@erf=\skip57
\f@nch@O@olf=\skip58
\f@nch@O@orf=\skip59
)
(C:\Users\PC\AppData\Local\Programs\MiKTeX\tex/latex/geometry\geometry.sty
Package: geometry 2020/01/02 v5.9 Page Geometry

(C:\Users\PC\AppData\Local\Programs\MiKTeX\tex/latex/graphics\keyval.sty
Package: keyval 2014/10/28 v1.15 key=value parser (DPC)
\KV@toks@=\toks19
)
(C:\Users\PC\AppData\Local\Programs\MiKTeX\tex/generic/iftex\ifvtex.sty
Package: ifvtex 2019/10/25 v1.7 ifvtex legacy package. Use iftex instead.

(C:\Users\PC\AppData\Local\Programs\MiKTeX\tex/generic/iftex\iftex.sty
Package: iftex 2022/02/03 v1.0f TeX engine tests
))
\Gm@cnth=\count278
\Gm@cntv=\count279
\c@Gm@tempcnt=\count280
\Gm@bindingoffset=\dimen144
\Gm@wd@mp=\dimen145
\Gm@odd@mp=\dimen146
\Gm@even@mp=\dimen147
\Gm@layoutwidth=\dimen148
\Gm@layoutheight=\dimen149
\Gm@layouthoffset=\dimen150
\Gm@layoutvoffset=\dimen151
\Gm@dimlist=\toks20

(C:\Users\PC\AppData\Local\Programs\MiKTeX\tex/latex/geometry\geometry.cfg))
(C:\Users\PC\AppData\Local\Programs\MiKTeX\tex/generic/babel\babel.sty
Package: babel 2022/02/26 3.73 The Babel package
\babel@savecnt=\count281
\U@D=\dimen152
\l@unhyphenated=\language79

(C:\Users\PC\AppData\Local\Programs\MiKTeX\tex/generic/babel\txtbabel.def)
\bbl@readstream=\read2
\bbl@dirlevel=\count282

*************************************
* Local config file bblopts.cfg used
*
(C:\Users\PC\AppData\Local\Programs\MiKTeX\tex/latex/arabi\bblopts.cfg
File: bblopts.cfg 2005/09/08 v0.1 add Arabic and Farsi to "declared" options of
 babel
)
(C:\Users\PC\AppData\Local\Programs\MiKTeX\tex/latex/babel-english\english.ldf
Language: english 2017/06/06 v3.3r English support from the babel system
Package babel Info: Hyphen rules for 'canadian' set to \l@english
(babel)             (\language0). Reported on input line 102.
Package babel Info: Hyphen rules for 'australian' set to \l@ukenglish
(babel)             (\language73). Reported on input line 105.
Package babel Info: Hyphen rules for 'newzealand' set to \l@ukenglish
(babel)             (\language73). Reported on input line 108.
)) (C:\Users\PC\AppData\Local\Programs\MiKTeX\tex/latex/apacite\apacite.sty
Package: apacite 2013/07/21 v6.03 APA citation
\c@BibCnt=\count283
\bibleftmargin=\skip60
\bibindent=\skip61
\bibparsep=\skip62
\bibitemsep=\skip63
\biblabelsep=\skip64
)
(C:\Users\PC\AppData\Local\Programs\MiKTeX\tex/latex/tocloft\tocloft.sty
Package: tocloft 2017/08/31 v2.3i parameterised ToC, etc., typesetting
Package tocloft Info: The document has chapter divisions on input line 51.
\cftparskip=\skip65
\cftbeforetoctitleskip=\skip66
\cftaftertoctitleskip=\skip67
\cftbeforepartskip=\skip68
\cftpartnumwidth=\skip69
\cftpartindent=\skip70
\cftbeforechapskip=\skip71
\cftchapindent=\skip72
\cftchapnumwidth=\skip73
\cftbeforesecskip=\skip74
\cftsecindent=\skip75
\cftsecnumwidth=\skip76
\cftbeforesubsecskip=\skip77
\cftsubsecindent=\skip78
\cftsubsecnumwidth=\skip79
\cftbeforesubsubsecskip=\skip80
\cftsubsubsecindent=\skip81
\cftsubsubsecnumwidth=\skip82
\cftbeforeparaskip=\skip83
\cftparaindent=\skip84
\cftparanumwidth=\skip85
\cftbeforesubparaskip=\skip86
\cftsubparaindent=\skip87
\cftsubparanumwidth=\skip88
\cftbeforeloftitleskip=\skip89
\cftafterloftitleskip=\skip90
\cftbeforefigskip=\skip91
\cftfigindent=\skip92
\cftfignumwidth=\skip93
\c@lofdepth=\count284
\c@lotdepth=\count285
\cftbeforelottitleskip=\skip94
\cftafterlottitleskip=\skip95
\cftbeforetabskip=\skip96
\cfttabindent=\skip97
\cfttabnumwidth=\skip98
)
(C:\Users\PC\AppData\Local\Programs\MiKTeX\tex/latex/l3backend\l3backend-pdftex
.def
File: l3backend-pdftex.def 2022-02-07 L3 backend support: PDF output (pdfTeX)
\l__color_backend_stack_int=\count286
\l__pdf_internal_box=\box51
) (Project1.aux)
\openout1 = `Project1.aux'.

LaTeX Font Info:    Checking defaults for OML/cmm/m/it on input line 25.
LaTeX Font Info:    ... okay on input line 25.
LaTeX Font Info:    Checking defaults for OMS/cmsy/m/n on input line 25.
LaTeX Font Info:    ... okay on input line 25.
LaTeX Font Info:    Checking defaults for OT1/cmr/m/n on input line 25.
LaTeX Font Info:    ... okay on input line 25.
LaTeX Font Info:    Checking defaults for T1/cmr/m/n on input line 25.
LaTeX Font Info:    ... okay on input line 25.
LaTeX Font Info:    Checking defaults for TS1/cmr/m/n on input line 25.
LaTeX Font Info:    ... okay on input line 25.
LaTeX Font Info:    Checking defaults for OMX/cmex/m/n on input line 25.
LaTeX Font Info:    ... okay on input line 25.
LaTeX Font Info:    Checking defaults for U/cmr/m/n on input line 25.
LaTeX Font Info:    ... okay on input line 25.

*geometry* driver: auto-detecting
*geometry* detected driver: pdftex
*geometry* verbose mode - [ preamble ] result:
* driver: pdftex
* paper: a4paper
* layout: <same size as paper>
* layoutoffset:(h,v)=(0.0pt,0.0pt)
* modes: 
* h-part:(L,W,R)=(85.35826pt, 426.79135pt, 85.35826pt)
* v-part:(T,H,B)=(85.35826pt, 674.33032pt, 85.35826pt)
* \paperwidth=597.50787pt
* \paperheight=845.04684pt
* \textwidth=426.79135pt
* \textheight=674.33032pt
* \oddsidemargin=13.08827pt
* \evensidemargin=13.08827pt
* \topmargin=-23.91173pt
* \headheight=12.0pt
* \headsep=25.0pt
* \topskip=11.0pt
* \footskip=30.0pt
* \marginparwidth=50.0pt
* \marginparsep=10.0pt
* \columnsep=10.0pt
* \skip\footins=10.0pt plus 4.0pt minus 2.0pt
* \hoffset=0.0pt
* \voffset=0.0pt
* \mag=1000
* \@twocolumnfalse
* \@twosidefalse
* \@mparswitchfalse
* \@reversemarginfalse
* (1in=72.27pt=25.4mm, 1cm=28.453pt)

\c@maskedRefs=\count287
(C:\Users\PC\AppData\Local\Programs\MiKTeX\tex/latex/apacite\english.apc
File: english.apc 2013/07/21 v6.03 apacite language file
LaTeX Info: Redefining \BPBI on input line 129.
LaTeX Info: Redefining \BHBI on input line 130.
)
LaTeX Font Info:    External font `cmex10' loaded for size
(Font)              <12> on input line 53.
LaTeX Font Info:    External font `cmex10' loaded for size
(Font)              <8> on input line 53.
LaTeX Font Info:    External font `cmex10' loaded for size
(Font)              <6> on input line 53.

Underfull \hbox (badness 10000) in paragraph at lines 53--53
[]\T1/cmr/bx/n/12 Levels be-ing
 []


Underfull \hbox (badness 5862) in paragraph at lines 53--53
\T1/cmr/bx/n/12 at-tempted in
 []


Underfull \hbox (badness 10000) in paragraph at lines 53--53
\T1/cmr/bx/n/12 this sub-mis-
 []


Overfull \hbox (35.99998pt too wide) in paragraph at lines 53--53
 [][] 
 []

[1

{C:/Users/PC/AppData/Local/MiKTeX/fonts/map/pdftex/pdftex.map}] (Project1.toc
LaTeX Font Info:    External font `cmex10' loaded for size
(Font)              <10.95> on input line 2.
)
\tf@toc=\write3
\openout3 = `Project1.toc'.

 [1]

LaTeX Font Warning: Font shape `T1/cmr/bx/n' in size <15> not available
(Font)              size <14.4> substituted on input line 60.


LaTeX Font Warning: Font shape `T1/cmr/bx/n' in size <13> not available
(Font)              size <12> substituted on input line 62.

[2] [3] [4] [5] [6] [7] [8] [9] [10] [11] [12] (Project1.bbl
LaTeX Font Info:    Trying to load font information for T1+cmtt on input line 2
5.

(C:\Users\PC\AppData\Local\Programs\MiKTeX\tex/latex/base\t1cmtt.fd
File: t1cmtt.fd 2019/12/16 v2.5j Standard LaTeX font definitions
)
Underfull \hbox (badness 10000) in paragraph at lines 14--27
[]\T1/cmr/m/n/10.95 Anastasiia Las-tovet-ska.  (2021).  \T1/cmr/m/it/10.95 APA 
how to make an
 []


Underfull \hbox (badness 10000) in paragraph at lines 14--27
\T1/cmr/m/it/10.95 app like in-sta-gram: Tech stack, fea-tures, costs.  \T1/cmr
/m/n/10.95 (See
 []


Underfull \hbox (badness 10000) in paragraph at lines 39--51
[]\T1/cmr/m/n/10.95 Anonyome Labs.  (2020).  \T1/cmr/m/it/10.95 APA what is en-
cryp-tion
 []


Underfull \hbox (badness 10000) in paragraph at lines 39--51
\T1/cmr/m/it/10.95 and why is it im-por-tant? (6th edi-tion).  \T1/cmr/m/n/10.9
5 (See
 []


Overfull \hbox (6.4077pt too wide) in paragraph at lines 39--51
\T1/cmtt/m/n/10.95 https://anonyome.com/2020/01/what-is-encryption-and-why-is-i
t-important\T1/cmr/m/n/10.95 )
 []


Underfull \hbox (badness 10000) in paragraph at lines 39--51

 []


Underfull \hbox (badness 1348) in paragraph at lines 87--98
[]\T1/cmr/m/n/10.95 Australian Cy-ber Se-cu-rity Cen-tre.  (N/A).  \T1/cmr/m/it
/10.95 APA mal-ware (6th edi-tion).  \T1/cmr/m/n/10.95 (See
 []


Underfull \hbox (badness 5878) in paragraph at lines 110--121
[]\T1/cmr/m/n/10.95 chandan07.  (2021).  \T1/cmr/m/it/10.95 APA python for data
 sci-ence (6th edi-tion).  \T1/cmr/m/n/10.95 (See
 []


Overfull \hbox (29.04118pt too wide) in paragraph at lines 133--145
\T1/cmtt/m/n/10.95 https://attentiontodetail.com/2018/09/19/9-great-attention-t
o-detail-quotes\T1/cmr/m/n/10.95 )
 []


Underfull \hbox (badness 10000) in paragraph at lines 133--145

 []


Underfull \hbox (badness 10000) in paragraph at lines 181--194
[]\T1/cmr/m/n/10.95 Craig Sted-man.  (2019).  \T1/cmr/m/it/10.95 APA what is da
ta man-age-
 []


Underfull \hbox (badness 10000) in paragraph at lines 181--194
\T1/cmr/m/it/10.95 ment and why is it im-por-tant? (6th edi-tion).  \T1/cmr/m/n
/10.95 (See
 []


Overfull \hbox (23.38281pt too wide) in paragraph at lines 181--194
\T1/cmtt/m/n/10.95 https://www.techtarget.com/searchdatamanagement/definition/d
ata-management\T1/cmr/m/n/10.95 )
 []


Underfull \hbox (badness 10000) in paragraph at lines 181--194

 []


Underfull \hbox (badness 10000) in paragraph at lines 230--244
[]\T1/cmr/m/n/10.95 Instagram En-gi-neer-ing.  (2016a).  \T1/cmr/m/it/10.95 APA
 in-sta-gra-tion pt. 2: Scal-
 []


Underfull \hbox (badness 10000) in paragraph at lines 230--244
\T1/cmr/m/it/10.95 ing our in-fras-truc-ture to mul-ti-ple data cen-ters.  \T1/
cmr/m/n/10.95 (See
 []


Underfull \hbox (badness 10000) in paragraph at lines 230--244
\T1/cmtt/m/n/10.95 https://instagram-engineering.com/instagration-pt-2-scaling-
our-
 []


Underfull \hbox (badness 1210) in paragraph at lines 256--268
[]\T1/cmr/m/n/10.95 Instagram En-gi-neer-ing.  (2016b).  \T1/cmr/m/it/10.95 APA
 web ser-vice ef-fi-ciency at in-sta-gram with
 []


Underfull \hbox (badness 1902) in paragraph at lines 256--268
\T1/cmr/m/it/10.95 python.  \T1/cmr/m/n/10.95 (See \T1/cmtt/m/n/10.95 https://i
nstagram-engineering.com/web-service-efficiency
 []


Underfull \hbox (badness 10000) in paragraph at lines 280--292
[]\T1/cmr/m/n/10.95 Interpol.  (N/A).  \T1/cmr/m/it/10.95 APA dig-i-tal foren-s
ics (6th edi-tion).  \T1/cmr/m/n/10.95 (See
 []


Underfull \hbox (badness 10000) in paragraph at lines 304--318
[]\T1/cmr/m/n/10.95 Joab Jack-son.  (2018).  \T1/cmr/m/it/10.95 APA in-sta-gram
 su-per-charges cas-
 []


Underfull \hbox (badness 10000) in paragraph at lines 304--318
\T1/cmr/m/it/10.95 san-dra with a plug-gable rocksdb stor-age en-gine.  \T1/cmr
/m/n/10.95 (See
 []


Underfull \hbox (badness 10000) in paragraph at lines 304--318
\T1/cmtt/m/n/10.95 https://thenewstack.io/instagram-supercharges-cassandra-plug
gable-
 []


Underfull \hbox (badness 2229) in paragraph at lines 330--342
[]\T1/cmr/m/n/10.95 Mauricio Lopez.  (2021).  \T1/cmr/m/it/10.95 APA 6 rea-sons
 c++ is still in use to-day.  \T1/cmr/m/n/10.95 (See
 []


Underfull \hbox (badness 10000) in paragraph at lines 354--367
[]\T1/cmr/m/n/10.95 Patrick Grieve.  (2022).  \T1/cmr/m/it/10.95 APA deep learn
-ing vs. ma-chine
 []


Underfull \hbox (badness 10000) in paragraph at lines 354--367
\T1/cmr/m/it/10.95 learn-ing: What's the dif-fer-ence? (6th edi-tion).  \T1/cmr
/m/n/10.95 (See
 []

[13

]
Underfull \hbox (badness 10000) in paragraph at lines 379--393
\T1/cmr/m/n/10.95 (See \T1/cmtt/m/n/10.95 https://www.analyticsvidhya.com/blog/
2020/11/14-must-have-skills-
 []


Underfull \hbox (badness 10000) in paragraph at lines 405--420
[]\T1/cmr/m/n/10.95 Ronald Van Loon.  (2022).  \T1/cmr/m/it/10.95 APA the value
 of mas-ter-ing data vi-su-
 []


Underfull \hbox (badness 10000) in paragraph at lines 405--420
\T1/cmr/m/it/10.95 al-iza-tion and sto-ry-telling for data sci-en-tists (6th ed
i-tion).  \T1/cmr/m/n/10.95 (See
 []


Underfull \hbox (badness 10000) in paragraph at lines 405--420
\T1/cmtt/m/n/10.95 https://www.simplilearn.com/value-of-mastering-data-visualiz
ation-
 []


Underfull \hbox (badness 10000) in paragraph at lines 432--443
[]\T1/cmr/m/n/10.95 Shaini A Ravi.  (2020).  \T1/cmr/m/it/10.95 APA in-sta-gram
 - tech stack.  \T1/cmr/m/n/10.95 (See
 []


Underfull \hbox (badness 10000) in paragraph at lines 479--491
[]\T1/cmr/m/n/10.95 TechTarget.  (2022).  \T1/cmr/m/it/10.95 APA big data an-a-
lyt-ics (6th edi-tion).  \T1/cmr/m/n/10.95 (See
 []


Overfull \hbox (57.33304pt too wide) in paragraph at lines 479--491
\T1/cmtt/m/n/10.95 https://www.techtarget.com/searchbusinessanalytics/definitio
n/big-data-analytics\T1/cmr/m/n/10.95 )
 []


Underfull \hbox (badness 10000) in paragraph at lines 479--491

 []


Underfull \hbox (badness 10000) in paragraph at lines 503--517
[]\T1/cmr/m/n/10.95 University of Vir-ginia.  (2020).  \T1/cmr/m/it/10.95 APA h
ow much do data sci-
 []


Underfull \hbox (badness 10000) in paragraph at lines 503--517
\T1/cmr/m/it/10.95 en-tists need to know about statis-tics? (6th edi-tion).  \T
1/cmr/m/n/10.95 (See
 []


Underfull \hbox (badness 10000) in paragraph at lines 503--517
\T1/cmtt/m/n/10.95 https://datascience.virginia.edu/news/how-much-do-data-scien
tists-
 []

) [14] (Project1.aux)

LaTeX Font Warning: Size substitutions with differences
(Font)              up to 1.0pt have occurred.

 ) 
Here is how much of TeX's memory you used:
 3787 strings out of 478582
 60459 string characters out of 2845761
 384844 words of memory out of 3000000
 21960 multiletter control sequences out of 15000+600000
 480446 words of font info for 51 fonts, out of 8000000 for 9000
 1141 hyphenation exceptions out of 8191
 55i,8n,62p,834b,247s stack positions out of 10000i,1000n,20000p,200000b,80000s
 <C:\Users\PC\AppData\Local\MiKTeX\fonts/pk/ljfour/jknappen/ec/dpi600\ectt109
5.pk> <C:\Users\PC\AppData\Local\MiKTeX\fonts/pk/ljfour/jknappen/ec/dpi600\ecti
1095.pk> <C:\Users\PC\AppData\Local\MiKTeX\fonts/pk/ljfour/jknappen/ec/dpi600\t
crm1095.pk> <C:\Users\PC\AppData\Local\MiKTeX\fonts/pk/ljfour/jknappen/ec/dpi60
0\ecrm0800.pk> <C:\Users\PC\AppData\Local\MiKTeX\fonts/pk/ljfour/jknappen/ec/dp
i600\ecbx1440.pk> <C:\Users\PC\AppData\Local\MiKTeX\fonts/pk/ljfour/jknappen/ec
/dpi600\ecbx1095.pk> <C:\Users\PC\AppData\Local\MiKTeX\fonts/pk/ljfour/jknappen
/ec/dpi600\ecrm1095.pk> <C:\Users\PC\AppData\Local\MiKTeX\fonts/pk/ljfour/jknap
pen/ec/dpi600\ecbx2488.pk> <C:\Users\PC\AppData\Local\MiKTeX\fonts/pk/ljfour/jk
nappen/ec/dpi600\ecbx1200.pk> <C:\Users\PC\AppData\Local\MiKTeX\fonts/pk/ljfour
/jknappen/ec/dpi600\ecbx2074.pk><C:/Users/PC/AppData/Local/Programs/MiKTeX/font
s/type1/public/amsfonts/cm/cmsy10.pfb>
Output written on Project1.pdf (15 pages, 166769 bytes).
PDF statistics:
 442 PDF objects out of 1000 (max. 8388607)
 0 named destinations out of 1000 (max. 500000)
 1 words of extra memory for PDF output out of 10000 (max. 10000000)

